<?xml version="1.0" encoding="UTF-8"?>
<!-- Generated by org.testng.reporters.JUnitReportReporter -->
<testsuite hostname="FC45964D016E" failures="0" tests="2" name="WeathAcademy.E2EMavenProject.HomePage" time="35.149" errors="0" timestamp="2020-11-21T20:06:29 SAST" skipped="0">
  <testcase classname="WeathAcademy.E2EMavenProject.HomePage" name="BasepageNavigation" time="26.608"/>
  <system-out/>
  <testcase classname="WeathAcademy.E2EMavenProject.HomePage" name="BasepageNavigation" time="8.541"/>
  <system-out/>
</testsuite> <!-- WeathAcademy.E2EMavenProject.HomePage -->
