<?xml version="1.0" encoding="UTF-8"?>
<!-- Generated by org.testng.reporters.JUnitReportReporter -->
<testsuite hostname="FC45964D016E" failures="0" tests="1" name="WeathAcademy.E2EMavenProject.NavigateBar" time="0.519" errors="0" timestamp="2020-11-22T01:40:30 SAST" skipped="0">
  <testcase classname="WeathAcademy.E2EMavenProject.NavigateBar" name="navBar" time="0.519"/>
  <system-out/>
</testsuite> <!-- WeathAcademy.E2EMavenProject.NavigateBar -->
