<?xml version="1.0" encoding="UTF-8"?>
<!-- Generated by org.testng.reporters.JUnitReportReporter -->
<testsuite hostname="FC45964D016E" failures="0" tests="1" name="cucumberOptions.TestRunner" time="76.862" errors="0" timestamp="2020-11-22T10:16:22 SAST" skipped="0">
  <testcase classname="cucumberOptions.TestRunner" name="feature" time="76.862"/>
  <system-out/>
</testsuite> <!-- cucumberOptions.TestRunner -->
