<?xml version="1.0" encoding="UTF-8"?>
<!-- Generated by org.testng.reporters.JUnitReportReporter -->
<testsuite hostname="FC45964D016E" name="WeathAcademy.E2EMavenProject.NavigateBar" tests="1" failures="0" timestamp="21 Nov 2020 23:56:21 GMT" time="1.190" errors="0">
  <testcase name="navBar" time="1.190" classname="WeathAcademy.E2EMavenProject.NavigateBar"/>
</testsuite> <!-- WeathAcademy.E2EMavenProject.NavigateBar -->
