<?xml version="1.0" encoding="UTF-8"?>
<!-- Generated by org.testng.reporters.JUnitReportReporter -->
<testsuite hostname="FC45964D016E" name="WeathAcademy.E2EMavenProject.HomePage" tests="2" failures="0" timestamp="21 Nov 2020 23:56:21 GMT" time="73.798" errors="0">
  <testcase name="BasepageNavigation" time="69.939" classname="WeathAcademy.E2EMavenProject.HomePage"/>
  <testcase name="BasepageNavigation" time="3.859" classname="WeathAcademy.E2EMavenProject.HomePage"/>
</testsuite> <!-- WeathAcademy.E2EMavenProject.HomePage -->
